05/04/2021 16:26:20 INICIANDO...
05/04/2021 16:26:20 2.7.0.15
05/04/2021 16:26:20 Usuário: ca-dk(Administrador)
05/04/2021 16:26:20 Versão do Sistema Operacional: 6.2.9200
05/04/2021 16:26:20 64 Bits: true
05/04/2021 16:26:20  88.0.0.7775 ( 88.0 )
05/04/2021 16:26:20 UAC: Ativado
05/04/2021 16:26:20 Verificando se Mozilla Firefox está instalado...
05/04/2021 16:26:20 Mozilla Firefox instalado.
05/04/2021 16:26:20 [1: Ajustando ambiente] Verificando...
05/04/2021 16:26:20 [1: Ajustando ambiente] Corrigindo TLS.
05/04/2021 16:26:20 [1: Ajustando ambiente] Ok.
05/04/2021 16:26:20 [2: Ajustes iniciais] Verificando...
05/04/2021 16:26:20 [2: Ajustes iniciais] Ok.
05/04/2021 16:26:20 [3: Instalação dos certificados raíz] Verificando...
05/04/2021 16:26:20 [3: Instalação dos certificados raíz] Efetuando download do instalador...
05/04/2021 16:26:21 [3: Instalação dos certificados raíz] Instalando...
05/04/2021 16:26:21 [3: Instalação dos certificados raíz] Ok.
05/04/2021 16:26:21 [5: Ajustes adicionais] Verificando...
05/04/2021 16:26:21 [5: Ajustes adicionais] Limpando...
05/04/2021 16:26:21 [5: Ajustes adicionais] Ok.
05/04/2021 16:26:21 [6: Preparando navegador Firefox] Verificando...
05/04/2021 16:26:21 [6: Preparando navegador Firefox] Ok.
05/04/2021 16:26:21 [7: Instalando módulo de segurança] Verificando...
05/04/2021 16:26:21 [7: Instalando módulo de segurança] Efetuando download do instalador...
05/04/2021 16:26:25 [7: Instalando módulo de segurança] Instalando...
05/04/2021 16:26:33 [7: Instalando módulo de segurança] Ok.
05/04/2021 16:26:33 [8: Preparando módulo de segurança] Verificando...
05/04/2021 16:26:33 [8: Preparando módulo de segurança] Ok.
05/04/2021 16:26:33 [9: Finalizando a instalação] Verificando...
05/04/2021 16:26:33 [9: Finalizando a instalação] Ok.
05/04/2021 16:26:33 [10: Validando a instalação] Verificando...
05/04/2021 16:26:41 [10: Validando a instalação] Instalando...
05/04/2021 16:26:47 [10: Validando a instalação] Ok.
05/04/2021 16:26:47 [11: Finalizando ajustes no navegador] Verificando...
05/04/2021 16:26:47 [11: Finalizando ajustes no navegador] Instalando...
05/04/2021 16:26:47 [11: Finalizando ajustes no navegador] Ok.
05/04/2021 16:26:47 [12: Ajustando ambiente] Verificando...
05/04/2021 16:26:47 [12: Ajustando ambiente] Ok.
05/04/2021 16:26:47 [13: Ajustando ambiente] Verificando...
05/04/2021 16:26:47 [13: Ajustando ambiente] Ok.
05/04/2021 16:26:47 [14: Concluindo ajustes] Verificando...
05/04/2021 16:26:49 [14: Concluindo ajustes] CONCLUÍDO.
05/04/2021 16:26:49 CONCLUÍDO.
